"SERVER","Tue Oct 10 17:31:07 MSK 2023","prank","Новое соединение установлено. Порт: 61891."
"CLIENT","Tue Oct 10 17:31:09 MSK 2023","prank","123"
"CLIENT","Tue Oct 10 17:31:12 MSK 2023","prank","la la la"
"SERVER","Tue Oct 10 17:31:16 MSK 2023","prank","Соединение закрыто. Порт: 61891."
"SERVER","Fri Oct 13 18:19:28 MSK 2023","prank","Новое соединение установлено. Порт: 52035."
"CLIENT","Fri Oct 13 18:19:35 MSK 2023","prank","123"
"SERVER","Fri Oct 13 18:19:39 MSK 2023","prank","Соединение закрыто. Порт: 52035."
"SERVER","Fri Oct 13 18:21:50 MSK 2023","prank","Новое соединение установлено. Порт: 52091."
"CLIENT","Fri Oct 13 18:21:57 MSK 2023","prank","123"
"SERVER","Fri Oct 13 18:22:00 MSK 2023","prank","Соединение закрыто. Порт: 52091."
"SERVER","Fri Oct 13 18:23:11 MSK 2023","prank","Новое соединение установлено. Порт: 52118."
"CLIENT","Fri Oct 13 18:23:13 MSK 2023","prank","123"
"SERVER","Fri Oct 13 18:23:16 MSK 2023","prank","Соединение закрыто. Порт: 52118."
"SERVER","Fri Oct 13 18:42:21 MSK 2023","prank","Новое соединение установлено. Порт: 52375."
"CLIENT","Fri Oct 13 18:42:24 MSK 2023","prank","123"
"SERVER","Fri Oct 13 18:42:28 MSK 2023","prank","Соединение закрыто. Порт: 52375."
"SERVER","Sun Oct 15 19:11:55 MSK 2023","prank","Новое соединение установлено. Порт: 56056."
"CLIENT","Sun Oct 15 19:11:58 MSK 2023","prank","123"
"CLIENT","Sun Oct 15 19:12:01 MSK 2023","prank","123"
"SERVER","Sun Oct 15 19:12:04 MSK 2023","prank","Соединение закрыто. Порт: 56056."
"SERVER","Sun Oct 15 19:12:24 MSK 2023","prank","Новое соединение установлено. Порт: 56071."
"CLIENT","Sun Oct 15 19:12:27 MSK 2023","prank","123"
"SERVER","Sun Oct 15 19:12:29 MSK 2023","prank","Соединение закрыто. Порт: 56071."
